Determining if the pthread_create exist failed with the following output:
Change Dir: /home/ncls/catkin_ws/src/cmake-build-debug/CMakeFiles/CMakeTmp

Run Build Command:"/usr/bin/make" "cmTC_87d4b/fast"
/usr/bin/make -f CMakeFiles/cmTC_87d4b.dir/build.make CMakeFiles/cmTC_87d4b.dir/build
make[1]: Entering directory '/home/ncls/catkin_ws/src/cmake-build-debug/CMakeFiles/CMakeTmp'
Building C object CMakeFiles/cmTC_87d4b.dir/CheckSymbolExists.c.o
/usr/bin/cc    -o CMakeFiles/cmTC_87d4b.dir/CheckSymbolExists.c.o   -c /home/ncls/catkin_ws/src/cmake-build-debug/CMakeFiles/CMakeTmp/CheckSymbolExists.c
Linking C executable cmTC_87d4b
/home/ncls/clion-2018.3.4/bin/cmake/linux/bin/cmake -E cmake_link_script CMakeFiles/cmTC_87d4b.dir/link.txt --verbose=1
/usr/bin/cc      -rdynamic CMakeFiles/cmTC_87d4b.dir/CheckSymbolExists.c.o  -o cmTC_87d4b 
CMakeFiles/cmTC_87d4b.dir/CheckSymbolExists.c.o: In function `main':
CheckSymbolExists.c:(.text+0x16): undefined reference to `pthread_create'
collect2: error: ld returned 1 exit status
CMakeFiles/cmTC_87d4b.dir/build.make:86: recipe for target 'cmTC_87d4b' failed
make[1]: *** [cmTC_87d4b] Error 1
make[1]: Leaving directory '/home/ncls/catkin_ws/src/cmake-build-debug/CMakeFiles/CMakeTmp'
Makefile:121: recipe for target 'cmTC_87d4b/fast' failed
make: *** [cmTC_87d4b/fast] Error 2

File /home/ncls/catkin_ws/src/cmake-build-debug/CMakeFiles/CMakeTmp/CheckSymbolExists.c:
/* */
#include <pthread.h>

int main(int argc, char** argv)
{
  (void)argv;
#ifndef pthread_create
  return ((int*)(&pthread_create))[argc];
#else
  (void)argc;
  return 0;
#endif
}

Determining if the function pthread_create exists in the pthreads failed with the following output:
Change Dir: /home/ncls/catkin_ws/src/cmake-build-debug/CMakeFiles/CMakeTmp

Run Build Command:"/usr/bin/make" "cmTC_bb425/fast"
/usr/bin/make -f CMakeFiles/cmTC_bb425.dir/build.make CMakeFiles/cmTC_bb425.dir/build
make[1]: Entering directory '/home/ncls/catkin_ws/src/cmake-build-debug/CMakeFiles/CMakeTmp'
Building C object CMakeFiles/cmTC_bb425.dir/CheckFunctionExists.c.o
/usr/bin/cc   -DCHECK_FUNCTION_EXISTS=pthread_create   -o CMakeFiles/cmTC_bb425.dir/CheckFunctionExists.c.o   -c /home/ncls/clion-2018.3.4/bin/cmake/linux/share/cmake-3.13/Modules/CheckFunctionExists.c
Linking C executable cmTC_bb425
/home/ncls/clion-2018.3.4/bin/cmake/linux/bin/cmake -E cmake_link_script CMakeFiles/cmTC_bb425.dir/link.txt --verbose=1
/usr/bin/cc  -DCHECK_FUNCTION_EXISTS=pthread_create    -rdynamic CMakeFiles/cmTC_bb425.dir/CheckFunctionExists.c.o  -o cmTC_bb425 -lpthreads 
/usr/bin/ld: cannot find -lpthreads
collect2: error: ld returned 1 exit status
CMakeFiles/cmTC_bb425.dir/build.make:86: recipe for target 'cmTC_bb425' failed
make[1]: *** [cmTC_bb425] Error 1
make[1]: Leaving directory '/home/ncls/catkin_ws/src/cmake-build-debug/CMakeFiles/CMakeTmp'
Makefile:121: recipe for target 'cmTC_bb425/fast' failed
make: *** [cmTC_bb425/fast] Error 2


Determining if the pthread_create exist failed with the following output:
Change Dir: /home/ncls/catkin_ws/src/cmake-build-debug/CMakeFiles/CMakeTmp

Run Build Command:"/usr/bin/make" "cmTC_5f6fd/fast"
/usr/bin/make -f CMakeFiles/cmTC_5f6fd.dir/build.make CMakeFiles/cmTC_5f6fd.dir/build
make[1]: Entering directory '/home/ncls/catkin_ws/src/cmake-build-debug/CMakeFiles/CMakeTmp'
Building C object CMakeFiles/cmTC_5f6fd.dir/CheckSymbolExists.c.o
/usr/bin/cc    -o CMakeFiles/cmTC_5f6fd.dir/CheckSymbolExists.c.o   -c /home/ncls/catkin_ws/src/cmake-build-debug/CMakeFiles/CMakeTmp/CheckSymbolExists.c
Linking C executable cmTC_5f6fd
/home/ncls/clion-2018.3.4/bin/cmake/linux/bin/cmake -E cmake_link_script CMakeFiles/cmTC_5f6fd.dir/link.txt --verbose=1
/usr/bin/cc      -rdynamic CMakeFiles/cmTC_5f6fd.dir/CheckSymbolExists.c.o  -o cmTC_5f6fd 
CMakeFiles/cmTC_5f6fd.dir/CheckSymbolExists.c.o: In function `main':
CheckSymbolExists.c:(.text+0x16): undefined reference to `pthread_create'
collect2: error: ld returned 1 exit status
CMakeFiles/cmTC_5f6fd.dir/build.make:86: recipe for target 'cmTC_5f6fd' failed
make[1]: *** [cmTC_5f6fd] Error 1
make[1]: Leaving directory '/home/ncls/catkin_ws/src/cmake-build-debug/CMakeFiles/CMakeTmp'
Makefile:121: recipe for target 'cmTC_5f6fd/fast' failed
make: *** [cmTC_5f6fd/fast] Error 2

File /home/ncls/catkin_ws/src/cmake-build-debug/CMakeFiles/CMakeTmp/CheckSymbolExists.c:
/* */
#include <pthread.h>

int main(int argc, char** argv)
{
  (void)argv;
#ifndef pthread_create
  return ((int*)(&pthread_create))[argc];
#else
  (void)argc;
  return 0;
#endif
}

Determining if the function pthread_create exists in the pthreads failed with the following output:
Change Dir: /home/ncls/catkin_ws/src/cmake-build-debug/CMakeFiles/CMakeTmp

Run Build Command:"/usr/bin/make" "cmTC_f5a96/fast"
/usr/bin/make -f CMakeFiles/cmTC_f5a96.dir/build.make CMakeFiles/cmTC_f5a96.dir/build
make[1]: Entering directory '/home/ncls/catkin_ws/src/cmake-build-debug/CMakeFiles/CMakeTmp'
Building C object CMakeFiles/cmTC_f5a96.dir/CheckFunctionExists.c.o
/usr/bin/cc   -DCHECK_FUNCTION_EXISTS=pthread_create   -o CMakeFiles/cmTC_f5a96.dir/CheckFunctionExists.c.o   -c /home/ncls/clion-2018.3.4/bin/cmake/linux/share/cmake-3.13/Modules/CheckFunctionExists.c
Linking C executable cmTC_f5a96
/home/ncls/clion-2018.3.4/bin/cmake/linux/bin/cmake -E cmake_link_script CMakeFiles/cmTC_f5a96.dir/link.txt --verbose=1
/usr/bin/cc  -DCHECK_FUNCTION_EXISTS=pthread_create    -rdynamic CMakeFiles/cmTC_f5a96.dir/CheckFunctionExists.c.o  -o cmTC_f5a96 -lpthreads 
/usr/bin/ld: cannot find -lpthreads
collect2: error: ld returned 1 exit status
CMakeFiles/cmTC_f5a96.dir/build.make:86: recipe for target 'cmTC_f5a96' failed
make[1]: *** [cmTC_f5a96] Error 1
make[1]: Leaving directory '/home/ncls/catkin_ws/src/cmake-build-debug/CMakeFiles/CMakeTmp'
Makefile:121: recipe for target 'cmTC_f5a96/fast' failed
make: *** [cmTC_f5a96/fast] Error 2


